#
# A fatal error has been detected by the Java Runtime Environment:
#
#  SIGSEGV (0xb) at pc=0xb69c6d10, pid=10084, tid=2035141440
#
# JRE version: OpenJDK Runtime Environment (7.0_65-b32) (build 1.7.0_65-b32)
# Java VM: OpenJDK Server VM (24.65-b04 mixed mode linux-x86 )
# Derivative: IcedTea 2.5.3
# Distribution: Ubuntu 14.10, package 7u71-2.5.3-0ubuntu1
# Problematic frame:
# V  [libjvm.so+0x49ad10]  java_lang_String::utf8_length(oopDesc*)+0x60
#
# Failed to write core dump. Core dumps have been disabled. To enable core dumping, try "ulimit -c unlimited" before starting Java again
#
# If you would like to submit a bug report, please include
# instructions on how to reproduce the bug and visit:
#   http://icedtea.classpath.org/bugzilla
#

---------------  T H R E A D  ---------------

Current thread (0x7962f400):  JavaThread "JDWP Transport Listener: dt_socket" daemon [_thread_in_vm, id=10098, stack(0x7948c000,0x794dd000)]

siginfo:si_signo=SIGSEGV: si_errno=0, si_code=1 (SEGV_MAPERR), si_addr=0x00000008

Registers:
EAX=0xa348c940, EBX=0xb70c3000, ECX=0x00000000, EDX=0x00000000
ESP=0x794dbf50, EBP=0x794dbff8, ESI=0x00000000, EDI=0x09fb5818
EIP=0xb69c6d10, EFLAGS=0x00010246, CR2=0x00000008

Top of Stack: (sp=0x794dbf50)
0x794dbf50:   b69c6cb9 b70c3000 7962f400 b69d881f
0x794dbf60:   a348c940 b70c3000 7962f400 b69d4459
0x794dbf70:   b69d24f9 b6350000 a348c940 00000000
0x794dbf80:   7962f528 00000001 794dbfb8 7962f400
0x794dbf90:   00000000 794dc04c 794dbfc8 fb415200
0x794dbfa0:   00000190 7962f400 b69d87b9 b6350000
0x794dbfb0:   7962f528 b6350a80 794dbff8 b631c070
0x794dbfc0:   7962f528 09fb5818 00000000 b631c00c 

Instructions: (pc=0xb69c6d10)
0xb69c6cf0:   00 00 00 00 0f 44 c1 83 ec 08 52 50 e8 8f e5 32
0xb69c6d00:   00 83 c4 14 5b 5e c3 89 f6 8d bc 27 00 00 00 00
0xb69c6d10:   8b 56 08 eb d4 90 8d 76 00 8d bc 27 00 00 00 00
0xb69c6d20:   56 53 31 c9 e8 b7 f2 c1 ff 81 c3 d7 c2 6f 00 83 

Register to memory mapping:

EAX=0xa348c940 is an oop
java.lang.String 
 - klass: 'java/lang/String'
EBX=0xb70c3000: <offset 0xb97000> in /usr/lib/jvm/java-7-openjdk-i386/jre/lib/i386/server/libjvm.so at 0xb652c000
ECX=0x00000000 is an unknown value
EDX=0x00000000 is an unknown value
ESP=0x794dbf50 is pointing into the stack for thread: 0x7962f400
EBP=0x794dbff8 is pointing into the stack for thread: 0x7962f400
ESI=0x00000000 is an unknown value
EDI=0x09fb5818 is a global jni handle


Stack: [0x7948c000,0x794dd000],  sp=0x794dbf50,  free space=319k
Native frames: (J=compiled Java code, j=interpreted, Vv=VM code, C=native code)
V  [libjvm.so+0x49ad10]  java_lang_String::utf8_length(oopDesc*)+0x60
C  [libjdwp.so+0x120a7]
C  [libjdwp.so+0x249a5]
C  [libjdwp.so+0x24df9]


---------------  P R O C E S S  ---------------

Java Threads: ( => current thread )
  0x79638400 JavaThread "Service Thread" daemon [_thread_blocked, id=10107, stack(0x79297000,0x792e8000)]
  0x79635c00 JavaThread "C2 CompilerThread1" daemon [_thread_blocked, id=10106, stack(0x792e8000,0x79369000)]
  0x79633c00 JavaThread "C2 CompilerThread0" daemon [_thread_blocked, id=10105, stack(0x79369000,0x793ea000)]
  0x09fb2c00 JavaThread "JDWP Command Reader" daemon [_thread_in_native, id=10102, stack(0x793ea000,0x7943b000)]
  0x79632000 JavaThread "JDWP Event Helper Thread" daemon [_thread_blocked, id=10100, stack(0x7943b000,0x7948c000)]
=>0x7962f400 JavaThread "JDWP Transport Listener: dt_socket" daemon [_thread_in_vm, id=10098, stack(0x7948c000,0x794dd000)]
  0x79626c00 JavaThread "Signal Dispatcher" daemon [_thread_blocked, id=10096, stack(0x794dd000,0x7952e000)]
  0x79614800 JavaThread "Finalizer" daemon [_thread_blocked, id=10095, stack(0x7952e000,0x7957f000)]
  0x79613000 JavaThread "Reference Handler" daemon [_thread_blocked, id=10094, stack(0x7970e000,0x7975f000)]
  0xb6209000 JavaThread "main" [_thread_blocked, id=10087, stack(0xb6382000,0xb63d3000)]

Other Threads:
  0x79610400 VMThread [stack: 0x7957f000,0x79600000] [id=10093]
  0x7963a400 WatcherThread [stack: 0x79216000,0x79297000] [id=10108]

VM state:not at safepoint (normal execution)

VM Mutex/Monitor currently owned by a thread: None

Heap
 PSYoungGen      total 14336K, used 752K [0xa3400000, 0xa43c0000, 0xb2ec0000)
  eden space 12544K, 6% used [0xa3400000,0xa34bc398,0xa4040000)
  from space 1792K, 0% used [0xa4200000,0xa4200000,0xa43c0000)
  to   space 1792K, 0% used [0xa4040000,0xa4040000,0xa4200000)
 ParOldGen       total 32000K, used 0K [0x83ec0000, 0x85e00000, 0xa3400000)
  object space 32000K, 0% used [0x83ec0000,0x83ec0000,0x85e00000)
 PSPermGen       total 16384K, used 1939K [0x7bec0000, 0x7cec0000, 0x83ec0000)
  object space 16384K, 11% used [0x7bec0000,0x7c0a4c60,0x7cec0000)

Card table byte_map: [0x7bd07000,0x7bec0000] byte_map_base: 0x7b927a00

Polling page: 0xb76e6000

Code Cache  [0xb2fb6000, 0xb31f6000, 0xb5fb6000)
 total_blobs=90 nmethods=0 adapters=68 free_code_cache=48865Kb largest_free_block=50038016

Compilation events (0 events):
No events

GC Heap History (0 events):
No events

Deoptimization events (0 events):
No events

Internal exceptions (7 events):
Event: 0,070 Thread 0xb6209000 Threw 0xa340e090 at /build/buildd/openjdk-7-7u71-2.5.3/build/openjdk/hotspot/src/share/vm/prims/jni.cpp:3995
Event: 0,350 Thread 0xb6209000 Threw 0xa3483cb8 at /build/buildd/openjdk-7-7u71-2.5.3/build/openjdk/hotspot/src/share/vm/prims/jni.cpp:721
Event: 0,351 Thread 0xb6209000 Threw 0xa3483e28 at /build/buildd/openjdk-7-7u71-2.5.3/build/openjdk/hotspot/src/share/vm/prims/jvm.cpp:1284
Event: 0,351 Thread 0xb6209000 Threw 0xa3483f40 at /build/buildd/openjdk-7-7u71-2.5.3/build/openjdk/hotspot/src/share/vm/prims/jvm.cpp:1284
Event: 0,352 Thread 0xb6209000 Threw 0xa3484ed0 at /build/buildd/openjdk-7-7u71-2.5.3/build/openjdk/hotspot/src/share/vm/prims/jvm.cpp:1284
Event: 0,370 Thread 0xb6209000 Threw 0xa3488f78 at /build/buildd/openjdk-7-7u71-2.5.3/build/openjdk/hotspot/src/share/vm/prims/jvm.cpp:1284
Event: 16,786 Thread 0xb6209000 Threw 0xa348ad10 at /build/buildd/openjdk-7-7u71-2.5.3/build/openjdk/hotspot/src/share/vm/prims/jvm.cpp:1284

Events (10 events):
Event: 166,193 Executing VM operation: GetCurrentLocation
Event: 166,193 Executing VM operation: GetCurrentLocation done
Event: 166,193 Executing VM operation: ChangeSingleStep
Event: 166,193 Executing VM operation: ChangeSingleStep done
Event: 166,194 Executing VM operation: ChangeSingleStep
Event: 166,194 Executing VM operation: ChangeSingleStep done
Event: 166,214 Executing VM operation: GetOrSetLocal
Event: 166,214 Executing VM operation: GetOrSetLocal done
Event: 166,291 Executing VM operation: GetOrSetLocal
Event: 166,291 Executing VM operation: GetOrSetLocal done


Dynamic libraries:
08048000-08049000 r-xp 00000000 08:01 26741172   /usr/lib/jvm/java-7-openjdk-i386/jre/bin/java
08049000-0804a000 r--p 00000000 08:01 26741172   /usr/lib/jvm/java-7-openjdk-i386/jre/bin/java
0804a000-0804b000 rw-p 00001000 08:01 26741172   /usr/lib/jvm/java-7-openjdk-i386/jre/bin/java
09fb0000-09fd1000 rw-p 00000000 00:00 0          [heap]
79006000-79216000 rw-p 00000000 00:00 0 
79216000-79217000 ---p 00000000 00:00 0 
79217000-79297000 rw-p 00000000 00:00 0          [stack:10108]
79297000-7929a000 ---p 00000000 00:00 0 
7929a000-792e8000 rw-p 00000000 00:00 0          [stack:10107]
792e8000-792eb000 ---p 00000000 00:00 0 
792eb000-79369000 rw-p 00000000 00:00 0          [stack:10106]
79369000-7936c000 ---p 00000000 00:00 0 
7936c000-793ea000 rw-p 00000000 00:00 0          [stack:10105]
793ea000-793ed000 ---p 00000000 00:00 0 
793ed000-7943b000 rw-p 00000000 00:00 0          [stack:10102]
7943b000-7943e000 ---p 00000000 00:00 0 
7943e000-7948c000 rw-p 00000000 00:00 0          [stack:10100]
7948c000-7948f000 ---p 00000000 00:00 0 
7948f000-794dd000 rw-p 00000000 00:00 0          [stack:10098]
794dd000-794e0000 ---p 00000000 00:00 0 
794e0000-7952e000 rw-p 00000000 00:00 0          [stack:10096]
7952e000-79531000 ---p 00000000 00:00 0 
79531000-7957f000 rw-p 00000000 00:00 0          [stack:10095]
7957f000-79580000 ---p 00000000 00:00 0 
79580000-79600000 rw-p 00000000 00:00 0          [stack:10093]
79600000-79684000 rw-p 00000000 00:00 0 
79684000-79700000 ---p 00000000 00:00 0 
7970e000-79711000 ---p 00000000 00:00 0 
79711000-7975f000 rw-p 00000000 00:00 0          [stack:10094]
7975f000-79910000 r--s 01d25000 08:01 26610851   /usr/lib/jvm/java-7-openjdk-i386/jre/lib/rt.jar
79910000-7b800000 rw-p 00000000 00:00 0 
7b800000-7b821000 rw-p 00000000 00:00 0 
7b821000-7b900000 ---p 00000000 00:00 0 
7b924000-7b97f000 rw-p 00000000 00:00 0 
7b97f000-7b980000 ---p 00000000 00:00 0 
7b980000-7ba00000 rw-p 00000000 00:00 0          [stack:10091]
7ba00000-7ba21000 rw-p 00000000 00:00 0 
7ba21000-7bb00000 ---p 00000000 00:00 0 
7bb02000-7bb4b000 rw-p 00000000 00:00 0 
7bb4b000-7bb4c000 ---p 00000000 00:00 0 
7bb4c000-7bbd4000 rw-p 00000000 00:00 0          [stack:10090]
7bbd4000-7bc0c000 rw-p 00000000 00:00 0 
7bc0c000-7bc1c000 rw-p 00000000 00:00 0 
7bc1c000-7bd07000 rw-p 00000000 00:00 0 
7bd07000-7bd0f000 rw-p 00000000 00:00 0 
7bd0f000-7bd47000 rw-p 00000000 00:00 0 
7bd47000-7bd57000 rw-p 00000000 00:00 0 
7bd57000-7be41000 rw-p 00000000 00:00 0 
7be41000-7be4a000 rw-p 00000000 00:00 0 
7be4a000-7bebf000 rw-p 00000000 00:00 0 
7bebf000-7cec0000 rw-p 00000000 00:00 0 
7cec0000-83ec0000 rw-p 00000000 00:00 0 
83ec0000-85e00000 rw-p 00000000 00:00 0 
85e00000-a3400000 rw-p 00000000 00:00 0 
a3400000-a43c0000 rw-p 00000000 00:00 0 
a43c0000-b2ec0000 rw-p 00000000 00:00 0 
b2ed5000-b2ed9000 r--s 00034000 08:01 26610840   /usr/lib/jvm/java-7-openjdk-i386/jre/lib/ext/sunjce_provider.jar
b2ed9000-b2edd000 r--s 0003c000 08:01 26610842   /usr/lib/jvm/java-7-openjdk-i386/jre/lib/ext/sunpkcs11.jar
b2edd000-b2ee1000 r--s 00085000 08:01 26610841   /usr/lib/jvm/java-7-openjdk-i386/jre/lib/ext/localedata.jar
b2ee1000-b2eff000 rw-p 00000000 00:00 0 
b2eff000-b2fb6000 rw-p 00000000 00:00 0 
b2fb6000-b31f6000 rwxp 00000000 00:00 0 
b31f6000-b5fb6000 rw-p 00000000 00:00 0 
b5fb6000-b5fc1000 r-xp 00000000 08:01 263325     /lib/i386-linux-gnu/libnss_files-2.19.so
b5fc1000-b5fc2000 r--p 0000a000 08:01 263325     /lib/i386-linux-gnu/libnss_files-2.19.so
b5fc2000-b5fc3000 rw-p 0000b000 08:01 263325     /lib/i386-linux-gnu/libnss_files-2.19.so
b5fc3000-b5fcd000 r-xp 00000000 08:01 263335     /lib/i386-linux-gnu/libnss_nis-2.19.so
b5fcd000-b5fce000 r--p 00009000 08:01 263335     /lib/i386-linux-gnu/libnss_nis-2.19.so
b5fce000-b5fcf000 rw-p 0000a000 08:01 263335     /lib/i386-linux-gnu/libnss_nis-2.19.so
b5fcf000-b5fe4000 r-xp 00000000 08:01 263319     /lib/i386-linux-gnu/libnsl-2.19.so
b5fe4000-b5fe5000 r--p 00015000 08:01 263319     /lib/i386-linux-gnu/libnsl-2.19.so
b5fe5000-b5fe6000 rw-p 00016000 08:01 263319     /lib/i386-linux-gnu/libnsl-2.19.so
b5fe6000-b5fe9000 rw-p 00000000 00:00 0 
b5fe9000-b5feb000 r--s 00012000 08:01 26610838   /usr/lib/jvm/java-7-openjdk-i386/jre/lib/ext/zipfs.jar
b5feb000-b5fee000 r--s 0000f000 08:01 26610843   /usr/lib/jvm/java-7-openjdk-i386/jre/lib/ext/icedtea-sound.jar
b5fee000-b5ff0000 r--s 00006000 08:01 26488064   /usr/share/java/java-atk-wrapper.jar
b5ff0000-b5ff4000 r-xp 00000000 08:01 26610826   /usr/lib/jvm/java-7-openjdk-i386/jre/lib/i386/libdt_socket.so
b5ff4000-b5ff5000 r--p 00003000 08:01 26610826   /usr/lib/jvm/java-7-openjdk-i386/jre/lib/i386/libdt_socket.so
b5ff5000-b5ff6000 rw-p 00004000 08:01 26610826   /usr/lib/jvm/java-7-openjdk-i386/jre/lib/i386/libdt_socket.so
b5ff6000-b5ffe000 r-xp 00000000 08:01 26610821   /usr/lib/jvm/java-7-openjdk-i386/jre/lib/i386/libzip.so
b5ffe000-b5fff000 r--p 00007000 08:01 26610821   /usr/lib/jvm/java-7-openjdk-i386/jre/lib/i386/libzip.so
b5fff000-b6000000 rw-p 00008000 08:01 26610821   /usr/lib/jvm/java-7-openjdk-i386/jre/lib/i386/libzip.so
b6000000-b6200000 r--p 00000000 08:01 25961130   /usr/lib/locale/locale-archive
b6200000-b62fe000 rw-p 00000000 00:00 0 
b62fe000-b6300000 ---p 00000000 00:00 0 
b6300000-b6301000 rw-p 00000000 00:00 0 
b6301000-b6302000 r--s 00002000 08:01 26610839   /usr/lib/jvm/java-7-openjdk-i386/jre/lib/ext/dnsns.jar
b6302000-b630a000 rw-s 00000000 08:01 29100547   /tmp/hsperfdata_ezequiel/10084
b630a000-b6311000 r-xp 00000000 08:01 263321     /lib/i386-linux-gnu/libnss_compat-2.19.so
b6311000-b6312000 r--p 00006000 08:01 263321     /lib/i386-linux-gnu/libnss_compat-2.19.so
b6312000-b6313000 rw-p 00007000 08:01 263321     /lib/i386-linux-gnu/libnss_compat-2.19.so
b6313000-b634f000 r-xp 00000000 08:01 26610792   /usr/lib/jvm/java-7-openjdk-i386/jre/lib/i386/libjdwp.so
b634f000-b6350000 r--p 0003b000 08:01 26610792   /usr/lib/jvm/java-7-openjdk-i386/jre/lib/i386/libjdwp.so
b6350000-b6351000 rw-p 0003c000 08:01 26610792   /usr/lib/jvm/java-7-openjdk-i386/jre/lib/i386/libjdwp.so
b6351000-b6377000 r-xp 00000000 08:01 26610794   /usr/lib/jvm/java-7-openjdk-i386/jre/lib/i386/libjava.so
b6377000-b6378000 r--p 00025000 08:01 26610794   /usr/lib/jvm/java-7-openjdk-i386/jre/lib/i386/libjava.so
b6378000-b6379000 rw-p 00026000 08:01 26610794   /usr/lib/jvm/java-7-openjdk-i386/jre/lib/i386/libjava.so
b6379000-b6380000 r-xp 00000000 08:01 263380     /lib/i386-linux-gnu/librt-2.19.so
b6380000-b6381000 r--p 00006000 08:01 263380     /lib/i386-linux-gnu/librt-2.19.so
b6381000-b6382000 rw-p 00007000 08:01 263380     /lib/i386-linux-gnu/librt-2.19.so
b6382000-b6385000 ---p 00000000 00:00 0 
b6385000-b63d3000 rw-p 00000000 00:00 0          [stack:10087]
b63d3000-b63ef000 r-xp 00000000 08:01 263273     /lib/i386-linux-gnu/libgcc_s.so.1
b63ef000-b63f0000 r--p 0001b000 08:01 263273     /lib/i386-linux-gnu/libgcc_s.so.1
b63f0000-b63f1000 rw-p 0001c000 08:01 263273     /lib/i386-linux-gnu/libgcc_s.so.1
b63f1000-b6435000 r-xp 00000000 08:01 263298     /lib/i386-linux-gnu/libm-2.19.so
b6435000-b6436000 r--p 00043000 08:01 263298     /lib/i386-linux-gnu/libm-2.19.so
b6436000-b6437000 rw-p 00044000 08:01 263298     /lib/i386-linux-gnu/libm-2.19.so
b6437000-b6520000 r-xp 00000000 08:01 25959294   /usr/lib/i386-linux-gnu/libstdc++.so.6.0.20
b6520000-b6524000 r--p 000e9000 08:01 25959294   /usr/lib/i386-linux-gnu/libstdc++.so.6.0.20
b6524000-b6525000 rw-p 000ed000 08:01 25959294   /usr/lib/i386-linux-gnu/libstdc++.so.6.0.20
b6525000-b652c000 rw-p 00000000 00:00 0 
b652c000-b706f000 r-xp 00000000 08:01 26610799   /usr/lib/jvm/java-7-openjdk-i386/jre/lib/i386/server/libjvm.so
b706f000-b70c3000 r--p 00b42000 08:01 26610799   /usr/lib/jvm/java-7-openjdk-i386/jre/lib/i386/server/libjvm.so
b70c3000-b70d7000 rw-p 00b96000 08:01 26610799   /usr/lib/jvm/java-7-openjdk-i386/jre/lib/i386/server/libjvm.so
b70d7000-b74f5000 rw-p 00000000 00:00 0 
b74f5000-b750d000 r-xp 00000000 08:01 263417     /lib/i386-linux-gnu/libz.so.1.2.8
b750d000-b750e000 r--p 00017000 08:01 263417     /lib/i386-linux-gnu/libz.so.1.2.8
b750e000-b750f000 rw-p 00018000 08:01 263417     /lib/i386-linux-gnu/libz.so.1.2.8
b750f000-b7510000 rw-p 00000000 00:00 0 
b7510000-b7528000 r-xp 00000000 08:01 263372     /lib/i386-linux-gnu/libpthread-2.19.so
b7528000-b752a000 r--p 00017000 08:01 263372     /lib/i386-linux-gnu/libpthread-2.19.so
b752a000-b752b000 rw-p 00019000 08:01 263372     /lib/i386-linux-gnu/libpthread-2.19.so
b752b000-b752d000 rw-p 00000000 00:00 0 
b752d000-b7530000 r-xp 00000000 08:01 263263     /lib/i386-linux-gnu/libdl-2.19.so
b7530000-b7531000 r--p 00002000 08:01 263263     /lib/i386-linux-gnu/libdl-2.19.so
b7531000-b7532000 rw-p 00003000 08:01 263263     /lib/i386-linux-gnu/libdl-2.19.so
b7532000-b76da000 r-xp 00000000 08:01 263246     /lib/i386-linux-gnu/libc-2.19.so
b76da000-b76dc000 r--p 001a8000 08:01 263246     /lib/i386-linux-gnu/libc-2.19.so
b76dc000-b76dd000 rw-p 001aa000 08:01 263246     /lib/i386-linux-gnu/libc-2.19.so
b76dd000-b76e0000 rw-p 00000000 00:00 0 
b76e0000-b76e3000 r-xp 00000000 08:01 26610796   /usr/lib/jvm/java-7-openjdk-i386/jre/lib/i386/libnpt.so
b76e3000-b76e4000 r--p 00002000 08:01 26610796   /usr/lib/jvm/java-7-openjdk-i386/jre/lib/i386/libnpt.so
b76e4000-b76e5000 rw-p 00003000 08:01 26610796   /usr/lib/jvm/java-7-openjdk-i386/jre/lib/i386/libnpt.so
b76e5000-b76e6000 rw-p 00000000 00:00 0 
b76e6000-b76e7000 r--p 00000000 00:00 0 
b76e7000-b76f5000 r-xp 00000000 08:01 26610818   /usr/lib/jvm/java-7-openjdk-i386/jre/lib/i386/libverify.so
b76f5000-b76f7000 r--p 0000d000 08:01 26610818   /usr/lib/jvm/java-7-openjdk-i386/jre/lib/i386/libverify.so
b76f7000-b76f8000 rw-p 0000f000 08:01 26610818   /usr/lib/jvm/java-7-openjdk-i386/jre/lib/i386/libverify.so
b76f8000-b7704000 r-xp 00000000 08:01 26610804   /usr/lib/jvm/java-7-openjdk-i386/jre/lib/i386/jli/libjli.so
b7704000-b7705000 r--p 0000b000 08:01 26610804   /usr/lib/jvm/java-7-openjdk-i386/jre/lib/i386/jli/libjli.so
b7705000-b7706000 rw-p 0000c000 08:01 26610804   /usr/lib/jvm/java-7-openjdk-i386/jre/lib/i386/jli/libjli.so
b7706000-b7709000 rw-p 00000000 00:00 0 
b7709000-b770a000 r-xp 00000000 00:00 0          [vdso]
b770a000-b770c000 r--p 00000000 00:00 0          [vvar]
b770c000-b772c000 r-xp 00000000 08:01 263222     /lib/i386-linux-gnu/ld-2.19.so
b772c000-b772d000 r--p 0001f000 08:01 263222     /lib/i386-linux-gnu/ld-2.19.so
b772d000-b772e000 rw-p 00020000 08:01 263222     /lib/i386-linux-gnu/ld-2.19.so
bf85a000-bf85b000 rwxp 00000000 00:00 0 
bf88d000-bf8ae000 rw-p 00000000 00:00 0          [stack]

VM Arguments:
jvm_args: -agentlib:jdwp=transport=dt_socket,suspend=y,address=localhost:54002 -Dfile.encoding=UTF-8 
java_command: Principal
Launcher Type: SUN_STANDARD

Environment Variables:
PATH=/usr/local/sbin:/usr/local/bin:/usr/sbin:/usr/bin:/sbin:/bin:/usr/games:/usr/local/games:/home/ezequiel/.rvm/bin
LD_LIBRARY_PATH=/usr/lib/jvm/java-7-openjdk-i386/jre/lib/i386/server:/usr/lib/jvm/java-7-openjdk-i386/jre/lib/i386:/usr/lib/jvm/java-7-openjdk-i386/jre/../lib/i386:/usr/lib/jvm/java-8-oracle/jre/lib/i386/client:/usr/lib/jvm/java-8-oracle/jre/lib/i386:
SHELL=/bin/bash
DISPLAY=:0

Signal Handlers:
SIGSEGV: [libjvm.so+0x7eb640], sa_mask[0]=0x7ffbfeff, sa_flags=0x10000004
SIGBUS: [libjvm.so+0x7eb640], sa_mask[0]=0x7ffbfeff, sa_flags=0x10000004
SIGFPE: [libjvm.so+0x66efa0], sa_mask[0]=0x7ffbfeff, sa_flags=0x10000004
SIGPIPE: [libjvm.so+0x66efa0], sa_mask[0]=0x7ffbfeff, sa_flags=0x10000004
SIGXFSZ: [libjvm.so+0x66efa0], sa_mask[0]=0x7ffbfeff, sa_flags=0x10000004
SIGILL: [libjvm.so+0x66efa0], sa_mask[0]=0x7ffbfeff, sa_flags=0x10000004
SIGUSR1: SIG_DFL, sa_mask[0]=0x00000000, sa_flags=0x00000000
SIGUSR2: [libjvm.so+0x66edf0], sa_mask[0]=0x00000004, sa_flags=0x10000004
SIGHUP: [libjvm.so+0x66f050], sa_mask[0]=0x7ffbfeff, sa_flags=0x10000004
SIGINT: [libjvm.so+0x66f050], sa_mask[0]=0x7ffbfeff, sa_flags=0x10000004
SIGTERM: [libjvm.so+0x66f050], sa_mask[0]=0x7ffbfeff, sa_flags=0x10000004
SIGQUIT: [libjvm.so+0x66f050], sa_mask[0]=0x7ffbfeff, sa_flags=0x10000004
SIGTRAP: SIG_DFL, sa_mask[0]=0x00000000, sa_flags=0x00000000


---------------  S Y S T E M  ---------------

OS:Ubuntu 14.10 (utopic)
uname:Linux 3.16.0-24-generic #32-Ubuntu SMP Tue Oct 28 13:13:18 UTC 2014 i686
libc:glibc 2.19 NPTL 2.19 
rlimit: STACK 8192k, CORE 0k, NPROC 23848, NOFILE 4096, AS infinity
load average:0,70 0,66 0,55

/proc/meminfo:
MemTotal:        3072992 kB
MemFree:          198884 kB
MemAvailable:     933600 kB
Buffers:           74292 kB
Cached:          1046668 kB
SwapCached:         2376 kB
Active:          1684688 kB
Inactive:        1033956 kB
Active(anon):    1269568 kB
Inactive(anon):   591740 kB
Active(file):     415120 kB
Inactive(file):   442216 kB
Unevictable:          48 kB
Mlocked:              48 kB
HighTotal:       2201224 kB
HighFree:          50824 kB
LowTotal:         871768 kB
LowFree:          148060 kB
SwapTotal:       3107836 kB
SwapFree:        3065988 kB
Dirty:              7280 kB
Writeback:             0 kB
AnonPages:       1564036 kB
Mapped:           246440 kB
Shmem:            263444 kB
Slab:             103432 kB
SReclaimable:      83044 kB
SUnreclaim:        20388 kB
KernelStack:        5960 kB
PageTables:        17772 kB
NFS_Unstable:          0 kB
Bounce:                0 kB
WritebackTmp:          0 kB
CommitLimit:     4644332 kB
Committed_AS:    6579376 kB
VmallocTotal:     122880 kB
VmallocUsed:       15928 kB
VmallocChunk:     101504 kB
AnonHugePages:    589824 kB
HugePages_Total:       0
HugePages_Free:        0
HugePages_Rsvd:        0
HugePages_Surp:        0
Hugepagesize:       2048 kB
DirectMap4k:       30712 kB
DirectMap2M:      878592 kB


CPU:total 2 (2 cores per cpu, 1 threads per core) family 6 model 23 stepping 10, cmov, cx8, fxsr, mmx, sse, sse2, sse3, ssse3, tsc

/proc/cpuinfo:
processor	: 0
vendor_id	: GenuineIntel
cpu family	: 6
model		: 23
model name	: Pentium(R) Dual-Core CPU       T4400  @ 2.20GHz
stepping	: 10
microcode	: 0xa07
cpu MHz		: 1200.000
cache size	: 1024 KB
physical id	: 0
siblings	: 2
core id		: 0
cpu cores	: 2
apicid		: 0
initial apicid	: 0
fdiv_bug	: no
f00f_bug	: no
coma_bug	: no
fpu		: yes
fpu_exception	: yes
cpuid level	: 13
wp		: yes
flags		: fpu vme de pse tsc msr pae mce cx8 apic sep mtrr pge mca cmov pat pse36 clflush dts acpi mmx fxsr sse sse2 ss ht tm pbe nx lm constant_tsc arch_perfmon pebs bts aperfmperf pni dtes64 monitor ds_cpl est tm2 ssse3 cx16 xtpr pdcm xsave lahf_lm dtherm
bogomips	: 4400.21
clflush size	: 64
cache_alignment	: 64
address sizes	: 36 bits physical, 48 bits virtual
power management:

processor	: 1
vendor_id	: GenuineIntel
cpu family	: 6
model		: 23
model name	: Pentium(R) Dual-Core CPU       T4400  @ 2.20GHz
stepping	: 10
microcode	: 0xa07
cpu MHz		: 2200.000
cache size	: 1024 KB
physical id	: 0
siblings	: 2
core id		: 1
cpu cores	: 2
apicid		: 1
initial apicid	: 1
fdiv_bug	: no
f00f_bug	: no
coma_bug	: no
fpu		: yes
fpu_exception	: yes
cpuid level	: 13
wp		: yes
flags		: fpu vme de pse tsc msr pae mce cx8 apic sep mtrr pge mca cmov pat pse36 clflush dts acpi mmx fxsr sse sse2 ss ht tm pbe nx lm constant_tsc arch_perfmon pebs bts aperfmperf pni dtes64 monitor ds_cpl est tm2 ssse3 cx16 xtpr pdcm xsave lahf_lm dtherm
bogomips	: 4400.21
clflush size	: 64
cache_alignment	: 64
address sizes	: 36 bits physical, 48 bits virtual
power management:



Memory: 4k page, physical 3072992k(198884k free), swap 3107836k(3065988k free)

vm_info: OpenJDK Server VM (24.65-b04) for linux-x86 JRE (1.7.0_65-b32), built on Oct 22 2014 04:30:11 by "buildd" with gcc 4.9.1

time: Sat Nov  8 21:10:00 2014
elapsed time: 166 seconds

